<?xml version="1.0" encoding="UTF-8"?>
<!-- Generated by org.testng.reporters.JUnitReportReporter -->
<testsuite hostname="DESKTOP-0G25IHN" failures="0" tests="1" name="Session26.DemoIgnoreProperties" time="0.479" errors="0" timestamp="2024-03-10T13:18:14 IST" skipped="0">
  <testcase classname="Session26.DemoIgnoreProperties" name="testmethod1" time="0.479"/>
  <system-out/>
</testsuite> <!-- Session26.DemoIgnoreProperties -->
