<?xml version="1.0" encoding="UTF-8"?>
<!-- Generated by org.testng.reporters.JUnitReportReporter -->
<testsuite hostname="DESKTOP-0G25IHN" failures="0" tests="1" name="Session12.DeserilizationJsonDemo" time="14.146" errors="0" timestamp="2024-02-26T23:19:57 IST" skipped="0">
  <testcase classname="Session12.DeserilizationJsonDemo" name="test3" time="14.146"/>
  <system-out/>
</testsuite> <!-- Session12.DeserilizationJsonDemo -->
