<?xml version="1.0" encoding="UTF-8"?>
<!-- Generated by org.testng.reporters.JUnitReportReporter -->
<testsuite hostname="DESKTOP-0G25IHN" failures="0" tests="1" name="Session13.CreateUser" time="5.074" errors="0" timestamp="2024-02-28T18:33:37 IST" skipped="0">
  <testcase classname="Session13.CreateUser" name="test3" time="5.074"/>
  <system-out/>
</testsuite> <!-- Session13.CreateUser -->
