<?xml version="1.0" encoding="UTF-8"?>
<!-- Generated by org.testng.reporters.JUnitReportReporter -->
<testsuite hostname="DESKTOP-0G25IHN" failures="0" tests="2" name="Session16.JSONArrayDemo" time="4.492" errors="0" timestamp="2024-03-03T18:36:13 IST" skipped="1">
  <testcase classname="Session16.JSONArrayDemo" name="CreateuserusingJSONArray2" time="4.492"/>
  <system-out/>
  <testcase classname="Session16.JSONArrayDemo" name="CreateuserusingJSONArray1">
    <skipped/>
  </testcase> <!-- CreateuserusingJSONArray1 -->
  <system-out/>
</testsuite> <!-- Session16.JSONArrayDemo -->
