<?xml version="1.0" encoding="UTF-8"?>
<!-- Generated by org.testng.reporters.JUnitReportReporter -->
<testsuite hostname="DESKTOP-0G25IHN" failures="0" tests="2" name="Session27.DemoTest" time="4.499" errors="0" timestamp="2024-03-10T18:52:13 IST" skipped="1">
  <testcase classname="Session27.DemoTest" name="testmethod2" time="4.499"/>
  <system-out/>
  <testcase classname="Session27.DemoTest" name="testmethod1">
    <skipped/>
  </testcase> <!-- testmethod1 -->
  <system-out/>
</testsuite> <!-- Session27.DemoTest -->
