<?xml version="1.0" encoding="UTF-8"?>
<!-- Generated by org.testng.reporters.JUnitReportReporter -->
<testsuite hostname="DESKTOP-0G25IHN" failures="0" tests="4" name="Session14.ValidateXMLResponse" time="17.685" errors="0" timestamp="2024-02-29T19:32:12 IST" skipped="2">
  <testcase classname="Session14.ValidateXMLResponse" name="test3" time="15.567"/>
  <system-out/>
  <testcase classname="Session14.ValidateXMLResponse" name="test4" time="2.118"/>
  <system-out/>
  <testcase classname="Session14.ValidateXMLResponse" name="test2">
    <skipped/>
  </testcase> <!-- test2 -->
  <system-out/>
  <testcase classname="Session14.ValidateXMLResponse" name="test1">
    <skipped/>
  </testcase> <!-- test1 -->
  <system-out/>
</testsuite> <!-- Session14.ValidateXMLResponse -->
