<?xml version="1.0" encoding="UTF-8"?>
<!-- Generated by org.testng.reporters.JUnitReportReporter -->
<testsuite hostname="DESKTOP-0G25IHN" failures="0" tests="2" name="Session05.ValidateResponseHeader" time="3.468" errors="0" timestamp="2024-04-01T19:53:21 IST" skipped="1">
  <testcase classname="Session05.ValidateResponseHeader" name="GetSingleUserUsingValidatableResponse" time="3.468"/>
  <system-out/>
  <testcase classname="Session05.ValidateResponseHeader" name="GetSingleUserUsingValidatableResponseBdd">
    <skipped/>
  </testcase> <!-- GetSingleUserUsingValidatableResponseBdd -->
  <system-out/>
</testsuite> <!-- Session05.ValidateResponseHeader -->
