<?xml version="1.0" encoding="UTF-8"?>
<!-- Generated by org.testng.reporters.JUnitReportReporter -->
<testsuite hostname="DESKTOP-0G25IHN" failures="0" tests="3" name="Session03.Test01_GetMethod" time="4.475" errors="0" timestamp="2024-05-01T21:57:05 IST" skipped="2">
  <testcase classname="Session03.Test01_GetMethod" name="test02" time="4.475"/>
  <system-out/>
  <testcase classname="Session03.Test01_GetMethod" name="test01">
    <skipped/>
  </testcase> <!-- test01 -->
  <system-out/>
  <testcase classname="Session03.Test01_GetMethod" name="test04">
    <skipped/>
  </testcase> <!-- test04 -->
  <system-out/>
</testsuite> <!-- Session03.Test01_GetMethod -->
