<?xml version="1.0" encoding="UTF-8"?>
<!-- Generated by org.testng.reporters.JUnitReportReporter -->
<testsuite hostname="DESKTOP-0G25IHN" failures="0" tests="2" name="Session21.JSONArrayPOJOClassDemo" time="6.524" errors="0" timestamp="2024-03-10T19:45:55 IST" skipped="1">
  <testcase classname="Session21.JSONArrayPOJOClassDemo" name="createEmpolyeeJSONArray" time="6.524"/>
  <system-out/>
  <testcase classname="Session21.JSONArrayPOJOClassDemo" name="createEmpolyeeJSONArray2">
    <skipped/>
  </testcase> <!-- createEmpolyeeJSONArray2 -->
  <system-out/>
</testsuite> <!-- Session21.JSONArrayPOJOClassDemo -->
