<?xml version="1.0" encoding="UTF-8"?>
<!-- Generated by org.testng.reporters.JUnitReportReporter -->
<testsuite hostname="DESKTOP-0G25IHN" failures="0" tests="1" name="Session23.DemoTestComplexNestedJSONobject" time="0.534" errors="0" timestamp="2024-03-10T19:34:09 IST" skipped="0">
  <testcase classname="Session23.DemoTestComplexNestedJSONobject" name="createUser" time="0.534"/>
  <system-out/>
</testsuite> <!-- Session23.DemoTestComplexNestedJSONobject -->
