<?xml version="1.0" encoding="UTF-8"?>
<!-- Generated by org.testng.reporters.JUnitReportReporter -->
<testsuite hostname="DESKTOP-0G25IHN" failures="0" tests="1" name="Session03.Test_PostMethod" time="4.409" errors="0" timestamp="2024-05-01T21:44:02 IST" skipped="0">
  <testcase classname="Session03.Test_PostMethod" name="test3" time="4.409"/>
  <system-out/>
</testsuite> <!-- Session03.Test_PostMethod -->
