<?xml version="1.0" encoding="UTF-8"?>
<!-- Generated by org.testng.reporters.JUnitReportReporter -->
<testsuite hostname="DESKTOP-0G25IHN" failures="0" tests="4" name="Session15.JsonObjectUsingJavaMapDemo" time="4.159" errors="0" timestamp="2024-03-03T18:34:45 IST" skipped="3">
  <testcase classname="Session15.JsonObjectUsingJavaMapDemo" name="CreateAuthToken2" time="4.159"/>
  <system-out/>
  <testcase classname="Session15.JsonObjectUsingJavaMapDemo" name="CreateAuthToken3">
    <skipped/>
  </testcase> <!-- CreateAuthToken3 -->
  <system-out/>
  <testcase classname="Session15.JsonObjectUsingJavaMapDemo" name="CreateAuthToken1">
    <skipped/>
  </testcase> <!-- CreateAuthToken1 -->
  <system-out/>
  <testcase classname="Session15.JsonObjectUsingJavaMapDemo" name="main">
    <skipped/>
  </testcase> <!-- main -->
  <system-out/>
</testsuite> <!-- Session15.JsonObjectUsingJavaMapDemo -->
