<?xml version="1.0" encoding="UTF-8"?>
<!-- Generated by org.testng.reporters.JUnitReportReporter -->
<testsuite hostname="DESKTOP-0G25IHN" failures="0" tests="1" name="Session07.QueryParameterDemo" time="9.832" errors="0" timestamp="2024-02-19T23:40:31 IST" skipped="0">
  <testcase classname="Session07.QueryParameterDemo" name="filterData" time="9.832"/>
  <system-out/>
</testsuite> <!-- Session07.QueryParameterDemo -->
