<?xml version="1.0" encoding="UTF-8"?>
<!-- Generated by org.testng.reporters.JUnitReportReporter -->
<testsuite hostname="DESKTOP-0G25IHN" failures="0" tests="1" name="Session24.DemoJsonInclude" time="0.512" errors="0" timestamp="2024-03-10T09:30:51 IST" skipped="0">
  <testcase classname="Session24.DemoJsonInclude" name="testmethod1" time="0.512"/>
  <system-out/>
</testsuite> <!-- Session24.DemoJsonInclude -->
