<?xml version="1.0" encoding="UTF-8"?>
<!-- Generated by org.testng.reporters.JUnitReportReporter -->
<testsuite hostname="DESKTOP-0G25IHN" failures="0" tests="1" name="Session20.SerializationAndDeserialization" time="6.189" errors="0" timestamp="2024-03-09T18:16:06 IST" skipped="0">
  <testcase classname="Session20.SerializationAndDeserialization" name="serializationandeserialization" time="6.189"/>
  <system-out/>
</testsuite> <!-- Session20.SerializationAndDeserialization -->
