<?xml version="1.0" encoding="UTF-8"?>
<!-- Generated by org.testng.reporters.JUnitReportReporter -->
<testsuite hostname="DESKTOP-0G25IHN" failures="0" tests="1" name="FirstGetRequest" time="3.232" errors="0" timestamp="2024-05-01T18:09:23 IST" skipped="0">
  <testcase classname="FirstGetRequest" name="testcase" time="3.232"/>
  <system-out/>
</testsuite> <!-- FirstGetRequest -->
