<?xml version="1.0" encoding="UTF-8"?>
<!-- Generated by org.testng.reporters.JUnitReportReporter -->
<testsuite hostname="DESKTOP-0G25IHN" failures="0" tests="1" name="Session22.DemoNestedJSONPayload" time="0.697" errors="0" timestamp="2024-03-10T19:03:40 IST" skipped="0">
  <testcase classname="Session22.DemoNestedJSONPayload" name="createUser" time="0.697"/>
  <system-out/>
</testsuite> <!-- Session22.DemoNestedJSONPayload -->
