<?xml version="1.0" encoding="UTF-8"?>
<!-- Generated by org.testng.reporters.JUnitReportReporter -->
<testsuite hostname="DESKTOP-0G25IHN" failures="0" tests="1" name="Session25.DemoJSONIgnore" time="0.530" errors="0" timestamp="2024-03-10T12:25:38 IST" skipped="0">
  <testcase classname="Session25.DemoJSONIgnore" name="testmethod1" time="0.530"/>
  <system-out/>
</testsuite> <!-- Session25.DemoJSONIgnore -->
