<?xml version="1.0" encoding="UTF-8"?>
<!-- Generated by org.testng.reporters.JUnitReportReporter -->
<testsuite hostname="DESKTOP-0G25IHN" failures="0" tests="3" name="Session08.Authorization" time="12.453" errors="0" timestamp="2024-02-22T19:47:02 IST" skipped="2">
  <testcase classname="Session08.Authorization" name="DigestAutherization" time="12.453"/>
  <system-out/>
  <testcase classname="Session08.Authorization" name="BasicNonPreemptiveAutherization">
    <skipped/>
  </testcase> <!-- BasicNonPreemptiveAutherization -->
  <system-out/>
  <testcase classname="Session08.Authorization" name="BasicPreemptiveAutherization">
    <skipped/>
  </testcase> <!-- BasicPreemptiveAutherization -->
  <system-out/>
</testsuite> <!-- Session08.Authorization -->
