<?xml version="1.0" encoding="UTF-8"?>
<!-- Generated by org.testng.reporters.JUnitReportReporter -->
<testsuite hostname="DESKTOP-0G25IHN" failures="0" tests="2" name="Session06.ValidateJsonResponseBody" time="9.976" errors="0" timestamp="2024-02-19T22:36:03 IST" skipped="1">
  <testcase classname="Session06.ValidateJsonResponseBody" name="UserListResponseBody1" time="9.976"/>
  <system-out/>
  <testcase classname="Session06.ValidateJsonResponseBody" name="UserListResponseBody">
    <skipped/>
  </testcase> <!-- UserListResponseBody -->
  <system-out/>
</testsuite> <!-- Session06.ValidateJsonResponseBody -->
