<?xml version="1.0" encoding="UTF-8"?>
<!-- Generated by org.testng.reporters.JUnitReportReporter -->
<testsuite hostname="DESKTOP-0G25IHN" failures="0" tests="6" name="Session04.CheckForValidResponse" time="8.731" errors="0" timestamp="2024-02-21T22:43:41 IST" skipped="2">
  <testcase classname="Session04.CheckForValidResponse" name="GetSingleUserUsingBdd4" time="0.094"/>
  <system-out/>
  <testcase classname="Session04.CheckForValidResponse" name="GetSingleUserUsingBdd3" time="0.085"/>
  <system-out/>
  <testcase classname="Session04.CheckForValidResponse" name="GetSingleUserUsingBdd" time="8.339"/>
  <system-out/>
  <testcase classname="Session04.CheckForValidResponse" name="GetSingleUserUsingBdd2" time="0.213"/>
  <system-out/>
  <testcase classname="Session04.CheckForValidResponse" name="GetSingleUserUsingValidatableResponse">
    <skipped/>
  </testcase> <!-- GetSingleUserUsingValidatableResponse -->
  <system-out/>
  <testcase classname="Session04.CheckForValidResponse" name="GetSingleUser">
    <skipped/>
  </testcase> <!-- GetSingleUser -->
  <system-out/>
</testsuite> <!-- Session04.CheckForValidResponse -->
