<?xml version="1.0" encoding="UTF-8"?>
<!-- Generated by org.testng.reporters.JUnitReportReporter -->
<testsuite hostname="DESKTOP-0G25IHN" failures="0" tests="2" name="Session01.Class02" time="0.015" errors="0" timestamp="2024-04-18T06:57:34 IST" skipped="0">
  <testcase classname="Session01.Class02" name="test04" time="0.010"/>
  <system-out/>
  <testcase classname="Session01.Class02" name="test05" time="0.005"/>
  <system-out/>
</testsuite> <!-- Session01.Class02 -->
