<?xml version="1.0" encoding="UTF-8"?>
<!-- Generated by org.testng.reporters.JUnitReportReporter -->
<testsuite hostname="DESKTOP-0G25IHN" failures="0" tests="3" name="Session02.Class03" time="0.039" errors="0" timestamp="2024-04-18T06:57:34 IST" skipped="0">
  <testcase classname="Session02.Class03" name="test07" time="0.003"/>
  <system-out/>
  <testcase classname="Session02.Class03" name="test08" time="0.014"/>
  <system-out/>
  <testcase classname="Session02.Class03" name="test06" time="0.022"/>
  <system-out/>
</testsuite> <!-- Session02.Class03 -->
