<?xml version="1.0" encoding="UTF-8"?>
<!-- Generated by org.testng.reporters.JUnitReportReporter -->
<testsuite hostname="DESKTOP-0G25IHN" failures="0" tests="3" name="Session01.Class01" time="0.030" errors="0" timestamp="2024-04-18T06:57:34 IST" skipped="0">
  <testcase classname="Session01.Class01" name="test01" time="0.008"/>
  <system-out/>
  <testcase classname="Session01.Class01" name="test02" time="0.014"/>
  <system-out/>
  <testcase classname="Session01.Class01" name="test03" time="0.008"/>
  <system-out/>
</testsuite> <!-- Session01.Class01 -->
